2025-07-05 14:14:28 +03:00: [2m14:14:28[22m [31m[1m[vite][22m[39m Pre-transform error: Failed to load url /src/main.tsx?v=OmMAe7xivbKcxSzsqb-hY (resolved id: /src/main.tsx?v=OmMAe7xivbKcxSzsqb-hY). Does the file exist?
2025-07-05 14:14:29 +03:00: [2m14:14:29[22m [31m[1m[vite][22m[39m Pre-transform error: Failed to load url /src/main.tsx?v=5LhxaJNrhWdnNVE66VPyC (resolved id: /src/main.tsx?v=5LhxaJNrhWdnNVE66VPyC). Does the file exist?
2025-07-05 14:14:30 +03:00: [2m14:14:30[22m [31m[1m[vite][22m[39m Pre-transform error: Failed to load url /src/main.tsx?v=rulfFgzyWrnyBnEZXjkLX (resolved id: /src/main.tsx?v=rulfFgzyWrnyBnEZXjkLX). Does the file exist?
2025-07-05 14:16:02 +03:00: [2m14:16:02[22m [31m[1m[vite][22m[39m Pre-transform error: Failed to load url /src/main.tsx?v=onvXjnVYwlX4VAXjQZGCr (resolved id: /src/main.tsx?v=onvXjnVYwlX4VAXjQZGCr). Does the file exist?
2025-07-05 14:16:03 +03:00: [2m14:16:03[22m [31m[1m[vite][22m[39m Pre-transform error: Failed to load url /src/main.tsx?v=j882R3swXr8HWZ8nLM5WQ (resolved id: /src/main.tsx?v=j882R3swXr8HWZ8nLM5WQ). Does the file exist?
2025-07-05 14:16:05 +03:00: [2m14:16:05[22m [31m[1m[vite][22m[39m Pre-transform error: Failed to load url /src/main.tsx?v=GerB_YQrDHk5LWiidYQmg (resolved id: /src/main.tsx?v=GerB_YQrDHk5LWiidYQmg). Does the file exist?
2025-07-05 14:16:36 +03:00: [2m14:16:36[22m [31m[1m[vite][22m[39m Pre-transform error: Failed to load url /src/main.tsx?v=KARTzy9nNoVj_ZpuZrWYi (resolved id: /src/main.tsx?v=KARTzy9nNoVj_ZpuZrWYi). Does the file exist?
2025-07-05 14:16:37 +03:00: [2m14:16:37[22m [31m[1m[vite][22m[39m Pre-transform error: Failed to load url /src/main.tsx?v=-DyFuiRAUj2mj__Ynbt-1 (resolved id: /src/main.tsx?v=-DyFuiRAUj2mj__Ynbt-1). Does the file exist?
2025-07-05 14:16:39 +03:00: [2m14:16:39[22m [31m[1m[vite][22m[39m Pre-transform error: Failed to load url /src/main.tsx?v=qAt8fGQXDPOZfIa0ihmHi (resolved id: /src/main.tsx?v=qAt8fGQXDPOZfIa0ihmHi). Does the file exist?
2025-07-05 14:16:45 +03:00: [2m14:16:45[22m [31m[1m[vite][22m[39m Pre-transform error: Failed to load url /src/main.tsx?v=gp_6uUDkxp5xyO0hxBW_d (resolved id: /src/main.tsx?v=gp_6uUDkxp5xyO0hxBW_d). Does the file exist?
2025-07-05 14:16:47 +03:00: [2m14:16:47[22m [31m[1m[vite][22m[39m Pre-transform error: Failed to load url /src/main.tsx?v=qFSFdOF-v3AJJW0ymf9HW (resolved id: /src/main.tsx?v=qFSFdOF-v3AJJW0ymf9HW). Does the file exist?
2025-07-05 14:16:48 +03:00: [2m14:16:48[22m [31m[1m[vite][22m[39m Pre-transform error: Failed to load url /src/main.tsx?v=IxMQEbWJFlaRHlrEXWKIt (resolved id: /src/main.tsx?v=IxMQEbWJFlaRHlrEXWKIt). Does the file exist?
2025-07-05 14:16:49 +03:00: [2m14:16:49[22m [31m[1m[vite][22m[39m Pre-transform error: Failed to load url /src/main.tsx?v=Zib6iFRR1iNAEa__H7KCn (resolved id: /src/main.tsx?v=Zib6iFRR1iNAEa__H7KCn). Does the file exist?
2025-07-05 14:16:51 +03:00: [2m14:16:51[22m [31m[1m[vite][22m[39m Pre-transform error: Failed to load url /src/main.tsx?v=kgn54inpFwVVc7JIaCrB5 (resolved id: /src/main.tsx?v=kgn54inpFwVVc7JIaCrB5). Does the file exist?
2025-07-05 14:16:52 +03:00: [2m14:16:52[22m [31m[1m[vite][22m[39m Pre-transform error: Failed to load url /src/main.tsx?v=EmM1I_bDfohrHuCYFY4bT (resolved id: /src/main.tsx?v=EmM1I_bDfohrHuCYFY4bT). Does the file exist?
2025-07-05 14:18:10 +03:00: [2m14:18:10[22m [31m[1m[vite][22m[39m Pre-transform error: Failed to load url /src/main.tsx?v=0s_yExaVJTMmf7SGUiSKj (resolved id: /src/main.tsx?v=0s_yExaVJTMmf7SGUiSKj). Does the file exist?
2025-07-05 14:18:11 +03:00: [2m14:18:11[22m [31m[1m[vite][22m[39m Pre-transform error: Failed to load url /src/main.tsx?v=8pkdoEkX0UVLptvnnR9wh (resolved id: /src/main.tsx?v=8pkdoEkX0UVLptvnnR9wh). Does the file exist?
2025-07-05 14:18:12 +03:00: [2m14:18:12[22m [31m[1m[vite][22m[39m Pre-transform error: Failed to load url /src/main.tsx?v=FLBYuhCdupagJaDgJr0DB (resolved id: /src/main.tsx?v=FLBYuhCdupagJaDgJr0DB). Does the file exist?
2025-07-05 14:18:14 +03:00: [2m14:18:14[22m [31m[1m[vite][22m[39m Pre-transform error: Failed to load url /src/main.tsx?v=iR7vhxTesqb80AxJBWjDe (resolved id: /src/main.tsx?v=iR7vhxTesqb80AxJBWjDe). Does the file exist?
2025-07-05 14:18:15 +03:00: [2m14:18:15[22m [31m[1m[vite][22m[39m Pre-transform error: Failed to load url /src/main.tsx?v=6ZPJtqODluphZHdBNHO6Y (resolved id: /src/main.tsx?v=6ZPJtqODluphZHdBNHO6Y). Does the file exist?
2025-07-05 14:18:45 +03:00: [2m14:18:45[22m [31m[1m[vite][22m[39m Pre-transform error: Failed to load url /src/main.tsx?v=FYvGKVaTnggF2KdXNjmwF (resolved id: /src/main.tsx?v=FYvGKVaTnggF2KdXNjmwF). Does the file exist?
2025-07-05 14:18:46 +03:00: [2m14:18:46[22m [31m[1m[vite][22m[39m Pre-transform error: Failed to load url /src/main.tsx?v=wrSl1aktMnCiOCdO47bMs (resolved id: /src/main.tsx?v=wrSl1aktMnCiOCdO47bMs). Does the file exist?
2025-07-05 14:18:48 +03:00: [2m14:18:48[22m [31m[1m[vite][22m[39m Pre-transform error: Failed to load url /src/main.tsx?v=7PBiG4HTo6elaY8sH5EBq (resolved id: /src/main.tsx?v=7PBiG4HTo6elaY8sH5EBq). Does the file exist?
2025-07-05 14:19:06 +03:00: [2m14:19:06[22m [31m[1m[vite][22m[39m Pre-transform error: Failed to load url /src/main.tsx?v=xNgi23M11B3n2IpmNld71 (resolved id: /src/main.tsx?v=xNgi23M11B3n2IpmNld71). Does the file exist?
2025-07-05 14:19:07 +03:00: [2m14:19:07[22m [31m[1m[vite][22m[39m Pre-transform error: Failed to load url /src/main.tsx?v=MlNdS-CvglYRD-g2RuPsH (resolved id: /src/main.tsx?v=MlNdS-CvglYRD-g2RuPsH). Does the file exist?
2025-07-05 14:19:08 +03:00: [2m14:19:08[22m [31m[1m[vite][22m[39m Pre-transform error: Failed to load url /src/main.tsx?v=1gjtvZ3ezuHDXHPgL1Zj- (resolved id: /src/main.tsx?v=1gjtvZ3ezuHDXHPgL1Zj-). Does the file exist?
2025-07-05 14:23:46 +03:00: [2m14:23:46[22m [31m[1m[vite][22m[39m Pre-transform error: Failed to load url /src/main.tsx?v=cRIR0yvTOkr78zONoL-1W (resolved id: /src/main.tsx?v=cRIR0yvTOkr78zONoL-1W). Does the file exist?
2025-07-05 14:23:47 +03:00: [2m14:23:47[22m [31m[1m[vite][22m[39m Pre-transform error: Failed to load url /src/main.tsx?v=DYlaapb-EP-ahnay0MeAi (resolved id: /src/main.tsx?v=DYlaapb-EP-ahnay0MeAi). Does the file exist?
2025-07-05 14:23:48 +03:00: [2m14:23:48[22m [31m[1m[vite][22m[39m Pre-transform error: Failed to load url /src/main.tsx?v=NagKf4vxpNElJ3jmQOhDW (resolved id: /src/main.tsx?v=NagKf4vxpNElJ3jmQOhDW). Does the file exist?
2025-07-05 14:24:26 +03:00: [2m14:24:26[22m [31m[1m[vite][22m[39m Pre-transform error: Failed to load url /src/main.tsx?v=k2kfeU_hzbb19Wn09oMGp (resolved id: /src/main.tsx?v=k2kfeU_hzbb19Wn09oMGp). Does the file exist?
2025-07-05 14:24:33 +03:00: [2m14:24:33[22m [31m[1m[vite][22m[39m Pre-transform error: Failed to load url /src/main.tsx?v=xZAOIeL0aIxaTMyTOn8JZ (resolved id: /src/main.tsx?v=xZAOIeL0aIxaTMyTOn8JZ). Does the file exist?
2025-07-05 14:24:34 +03:00: [2m14:24:34[22m [31m[1m[vite][22m[39m Pre-transform error: Failed to load url /src/main.tsx?v=ukH-JauF3Xeq6Dl6hd1l9 (resolved id: /src/main.tsx?v=ukH-JauF3Xeq6Dl6hd1l9). Does the file exist?
2025-07-05 14:26:49 +03:00: Error: listen EADDRINUSE: address already in use 127.0.0.1:3001
2025-07-05 14:26:49 +03:00:     at Server.setupListenHandle [as _listen2] (node:net:1940:16)
2025-07-05 14:26:49 +03:00:     at listenInCluster (node:net:1997:12)
2025-07-05 14:26:49 +03:00:     at node:net:2206:7
2025-07-05 14:26:49 +03:00:     at process.processTicksAndRejections (node:internal/process/task_queues:90:21) {
2025-07-05 14:26:49 +03:00:   code: 'EADDRINUSE',
2025-07-05 14:26:49 +03:00:   errno: -4091,
2025-07-05 14:26:49 +03:00:   syscall: 'listen',
2025-07-05 14:26:49 +03:00:   address: '127.0.0.1',
2025-07-05 14:26:49 +03:00:   port: 3001
2025-07-05 14:26:49 +03:00: }
2025-07-05 14:26:50 +03:00: Error: listen EADDRINUSE: address already in use 127.0.0.1:3001
2025-07-05 14:26:50 +03:00:     at Server.setupListenHandle [as _listen2] (node:net:1940:16)
2025-07-05 14:26:50 +03:00:     at listenInCluster (node:net:1997:12)
2025-07-05 14:26:50 +03:00:     at node:net:2206:7
2025-07-05 14:26:50 +03:00:     at process.processTicksAndRejections (node:internal/process/task_queues:90:21) {
2025-07-05 14:26:50 +03:00:   code: 'EADDRINUSE',
2025-07-05 14:26:50 +03:00:   errno: -4091,
2025-07-05 14:26:50 +03:00:   syscall: 'listen',
2025-07-05 14:26:50 +03:00:   address: '127.0.0.1',
2025-07-05 14:26:50 +03:00:   port: 3001
2025-07-05 14:26:50 +03:00: }
2025-07-05 14:26:51 +03:00: Error: listen EADDRINUSE: address already in use 127.0.0.1:3001
2025-07-05 14:26:51 +03:00:     at Server.setupListenHandle [as _listen2] (node:net:1940:16)
2025-07-05 14:26:51 +03:00:     at listenInCluster (node:net:1997:12)
2025-07-05 14:26:51 +03:00:     at node:net:2206:7
2025-07-05 14:26:51 +03:00:     at process.processTicksAndRejections (node:internal/process/task_queues:90:21) {
2025-07-05 14:26:51 +03:00:   code: 'EADDRINUSE',
2025-07-05 14:26:51 +03:00:   errno: -4091,
2025-07-05 14:26:51 +03:00:   syscall: 'listen',
2025-07-05 14:26:51 +03:00:   address: '127.0.0.1',
2025-07-05 14:26:51 +03:00:   port: 3001
2025-07-05 14:26:51 +03:00: }
2025-07-05 14:26:52 +03:00: Error: listen EADDRINUSE: address already in use 127.0.0.1:3001
2025-07-05 14:26:52 +03:00:     at Server.setupListenHandle [as _listen2] (node:net:1940:16)
2025-07-05 14:26:52 +03:00:     at listenInCluster (node:net:1997:12)
2025-07-05 14:26:52 +03:00:     at node:net:2206:7
2025-07-05 14:26:52 +03:00:     at process.processTicksAndRejections (node:internal/process/task_queues:90:21) {
2025-07-05 14:26:52 +03:00:   code: 'EADDRINUSE',
2025-07-05 14:26:52 +03:00:   errno: -4091,
2025-07-05 14:26:52 +03:00:   syscall: 'listen',
2025-07-05 14:26:52 +03:00:   address: '127.0.0.1',
2025-07-05 14:26:52 +03:00:   port: 3001
2025-07-05 14:26:52 +03:00: }
2025-07-05 14:26:53 +03:00: Error: listen EADDRINUSE: address already in use 127.0.0.1:3001
2025-07-05 14:26:53 +03:00:     at Server.setupListenHandle [as _listen2] (node:net:1940:16)
2025-07-05 14:26:53 +03:00:     at listenInCluster (node:net:1997:12)
2025-07-05 14:26:53 +03:00:     at node:net:2206:7
2025-07-05 14:26:53 +03:00:     at process.processTicksAndRejections (node:internal/process/task_queues:90:21) {
2025-07-05 14:26:53 +03:00:   code: 'EADDRINUSE',
2025-07-05 14:26:53 +03:00:   errno: -4091,
2025-07-05 14:26:53 +03:00:   syscall: 'listen',
2025-07-05 14:26:53 +03:00:   address: '127.0.0.1',
2025-07-05 14:26:53 +03:00:   port: 3001
2025-07-05 14:26:53 +03:00: }
2025-07-05 14:26:54 +03:00: Error: listen EADDRINUSE: address already in use 127.0.0.1:3001
2025-07-05 14:26:54 +03:00:     at Server.setupListenHandle [as _listen2] (node:net:1940:16)
2025-07-05 14:26:54 +03:00:     at listenInCluster (node:net:1997:12)
2025-07-05 14:26:54 +03:00:     at node:net:2206:7
2025-07-05 14:26:54 +03:00:     at process.processTicksAndRejections (node:internal/process/task_queues:90:21) {
2025-07-05 14:26:54 +03:00:   code: 'EADDRINUSE',
2025-07-05 14:26:54 +03:00:   errno: -4091,
2025-07-05 14:26:54 +03:00:   syscall: 'listen',
2025-07-05 14:26:54 +03:00:   address: '127.0.0.1',
2025-07-05 14:26:54 +03:00:   port: 3001
2025-07-05 14:26:54 +03:00: }
2025-07-05 14:26:55 +03:00: Error: listen EADDRINUSE: address already in use 127.0.0.1:3001
2025-07-05 14:26:55 +03:00:     at Server.setupListenHandle [as _listen2] (node:net:1940:16)
2025-07-05 14:26:55 +03:00:     at listenInCluster (node:net:1997:12)
2025-07-05 14:26:55 +03:00:     at node:net:2206:7
2025-07-05 14:26:55 +03:00:     at process.processTicksAndRejections (node:internal/process/task_queues:90:21) {
2025-07-05 14:26:55 +03:00:   code: 'EADDRINUSE',
2025-07-05 14:26:55 +03:00:   errno: -4091,
2025-07-05 14:26:55 +03:00:   syscall: 'listen',
2025-07-05 14:26:55 +03:00:   address: '127.0.0.1',
2025-07-05 14:26:55 +03:00:   port: 3001
2025-07-05 14:26:55 +03:00: }
2025-07-05 14:26:55 +03:00: Error: listen EADDRINUSE: address already in use 127.0.0.1:3001
2025-07-05 14:26:55 +03:00:     at Server.setupListenHandle [as _listen2] (node:net:1940:16)
2025-07-05 14:26:55 +03:00:     at listenInCluster (node:net:1997:12)
2025-07-05 14:26:55 +03:00:     at node:net:2206:7
2025-07-05 14:26:55 +03:00:     at process.processTicksAndRejections (node:internal/process/task_queues:90:21) {
2025-07-05 14:26:55 +03:00:   code: 'EADDRINUSE',
2025-07-05 14:26:55 +03:00:   errno: -4091,
2025-07-05 14:26:55 +03:00:   syscall: 'listen',
2025-07-05 14:26:55 +03:00:   address: '127.0.0.1',
2025-07-05 14:26:55 +03:00:   port: 3001
2025-07-05 14:26:55 +03:00: }
2025-07-05 14:26:56 +03:00: Error: listen EADDRINUSE: address already in use 127.0.0.1:3001
2025-07-05 14:26:56 +03:00:     at Server.setupListenHandle [as _listen2] (node:net:1940:16)
2025-07-05 14:26:56 +03:00:     at listenInCluster (node:net:1997:12)
2025-07-05 14:26:56 +03:00:     at node:net:2206:7
2025-07-05 14:26:56 +03:00:     at process.processTicksAndRejections (node:internal/process/task_queues:90:21) {
2025-07-05 14:26:56 +03:00:   code: 'EADDRINUSE',
2025-07-05 14:26:56 +03:00:   errno: -4091,
2025-07-05 14:26:56 +03:00:   syscall: 'listen',
2025-07-05 14:26:56 +03:00:   address: '127.0.0.1',
2025-07-05 14:26:56 +03:00:   port: 3001
2025-07-05 14:26:56 +03:00: }
2025-07-05 14:26:57 +03:00: Error: listen EADDRINUSE: address already in use 127.0.0.1:3001
2025-07-05 14:26:57 +03:00:     at Server.setupListenHandle [as _listen2] (node:net:1940:16)
2025-07-05 14:26:57 +03:00:     at listenInCluster (node:net:1997:12)
2025-07-05 14:26:57 +03:00:     at node:net:2206:7
2025-07-05 14:26:57 +03:00:     at process.processTicksAndRejections (node:internal/process/task_queues:90:21) {
2025-07-05 14:26:57 +03:00:   code: 'EADDRINUSE',
2025-07-05 14:26:57 +03:00:   errno: -4091,
2025-07-05 14:26:57 +03:00:   syscall: 'listen',
2025-07-05 14:26:57 +03:00:   address: '127.0.0.1',
2025-07-05 14:26:57 +03:00:   port: 3001
2025-07-05 14:26:57 +03:00: }
2025-07-05 14:26:58 +03:00: Error: listen EADDRINUSE: address already in use 127.0.0.1:3001
2025-07-05 14:26:58 +03:00:     at Server.setupListenHandle [as _listen2] (node:net:1940:16)
2025-07-05 14:26:58 +03:00:     at listenInCluster (node:net:1997:12)
2025-07-05 14:26:58 +03:00:     at node:net:2206:7
2025-07-05 14:26:58 +03:00:     at process.processTicksAndRejections (node:internal/process/task_queues:90:21) {
2025-07-05 14:26:58 +03:00:   code: 'EADDRINUSE',
2025-07-05 14:26:58 +03:00:   errno: -4091,
2025-07-05 14:26:58 +03:00:   syscall: 'listen',
2025-07-05 14:26:58 +03:00:   address: '127.0.0.1',
2025-07-05 14:26:58 +03:00:   port: 3001
2025-07-05 14:26:58 +03:00: }
2025-07-05 14:26:59 +03:00: Error: listen EADDRINUSE: address already in use 127.0.0.1:3001
2025-07-05 14:26:59 +03:00:     at Server.setupListenHandle [as _listen2] (node:net:1940:16)
2025-07-05 14:26:59 +03:00:     at listenInCluster (node:net:1997:12)
2025-07-05 14:26:59 +03:00:     at node:net:2206:7
2025-07-05 14:26:59 +03:00:     at process.processTicksAndRejections (node:internal/process/task_queues:90:21) {
2025-07-05 14:26:59 +03:00:   code: 'EADDRINUSE',
2025-07-05 14:26:59 +03:00:   errno: -4091,
2025-07-05 14:26:59 +03:00:   syscall: 'listen',
2025-07-05 14:26:59 +03:00:   address: '127.0.0.1',
2025-07-05 14:26:59 +03:00:   port: 3001
2025-07-05 14:26:59 +03:00: }
2025-07-05 14:27:00 +03:00: Error: listen EADDRINUSE: address already in use 127.0.0.1:3001
2025-07-05 14:27:00 +03:00:     at Server.setupListenHandle [as _listen2] (node:net:1940:16)
2025-07-05 14:27:00 +03:00:     at listenInCluster (node:net:1997:12)
2025-07-05 14:27:00 +03:00:     at node:net:2206:7
2025-07-05 14:27:00 +03:00:     at process.processTicksAndRejections (node:internal/process/task_queues:90:21) {
2025-07-05 14:27:00 +03:00:   code: 'EADDRINUSE',
2025-07-05 14:27:00 +03:00:   errno: -4091,
2025-07-05 14:27:00 +03:00:   syscall: 'listen',
2025-07-05 14:27:00 +03:00:   address: '127.0.0.1',
2025-07-05 14:27:00 +03:00:   port: 3001
2025-07-05 14:27:00 +03:00: }
2025-07-05 14:27:00 +03:00: Error: listen EADDRINUSE: address already in use 127.0.0.1:3001
2025-07-05 14:27:00 +03:00:     at Server.setupListenHandle [as _listen2] (node:net:1940:16)
2025-07-05 14:27:00 +03:00:     at listenInCluster (node:net:1997:12)
2025-07-05 14:27:00 +03:00:     at node:net:2206:7
2025-07-05 14:27:00 +03:00:     at process.processTicksAndRejections (node:internal/process/task_queues:90:21) {
2025-07-05 14:27:00 +03:00:   code: 'EADDRINUSE',
2025-07-05 14:27:00 +03:00:   errno: -4091,
2025-07-05 14:27:00 +03:00:   syscall: 'listen',
2025-07-05 14:27:00 +03:00:   address: '127.0.0.1',
2025-07-05 14:27:00 +03:00:   port: 3001
2025-07-05 14:27:00 +03:00: }
2025-07-05 14:27:01 +03:00: Error: listen EADDRINUSE: address already in use 127.0.0.1:3001
2025-07-05 14:27:01 +03:00:     at Server.setupListenHandle [as _listen2] (node:net:1940:16)
2025-07-05 14:27:01 +03:00:     at listenInCluster (node:net:1997:12)
2025-07-05 14:27:01 +03:00:     at node:net:2206:7
2025-07-05 14:27:01 +03:00:     at process.processTicksAndRejections (node:internal/process/task_queues:90:21) {
2025-07-05 14:27:01 +03:00:   code: 'EADDRINUSE',
2025-07-05 14:27:01 +03:00:   errno: -4091,
2025-07-05 14:27:01 +03:00:   syscall: 'listen',
2025-07-05 14:27:01 +03:00:   address: '127.0.0.1',
2025-07-05 14:27:01 +03:00:   port: 3001
2025-07-05 14:27:01 +03:00: }
2025-07-05 14:27:02 +03:00: Error: listen EADDRINUSE: address already in use 127.0.0.1:3001
2025-07-05 14:27:02 +03:00:     at Server.setupListenHandle [as _listen2] (node:net:1940:16)
2025-07-05 14:27:02 +03:00:     at listenInCluster (node:net:1997:12)
2025-07-05 14:27:02 +03:00:     at node:net:2206:7
2025-07-05 14:27:02 +03:00:     at process.processTicksAndRejections (node:internal/process/task_queues:90:21) {
2025-07-05 14:27:02 +03:00:   code: 'EADDRINUSE',
2025-07-05 14:27:02 +03:00:   errno: -4091,
2025-07-05 14:27:02 +03:00:   syscall: 'listen',
2025-07-05 14:27:02 +03:00:   address: '127.0.0.1',
2025-07-05 14:27:02 +03:00:   port: 3001
2025-07-05 14:27:02 +03:00: }
2025-07-05 22:38:57 +03:00: Kategori sorgusunda hata: error: password authentication failed for user "postgres"
2025-07-05 22:38:57 +03:00:     at C:\laragon\www\konyapostasi_panel\node_modules\pg-pool\index.js:45:11
2025-07-05 22:38:57 +03:00:     at process.processTicksAndRejections (node:internal/process/task_queues:105:5)
2025-07-05 22:38:57 +03:00:     at async DatabaseStorage.getAllCategories (file:///C:/laragon/www/konyapostasi_panel/dist/index.js:495:26)
2025-07-05 22:38:57 +03:00:     at async file:///C:/laragon/www/konyapostasi_panel/dist/index.js:2203:27 {
2025-07-05 22:38:57 +03:00:   length: 104,
2025-07-05 22:38:57 +03:00:   severity: 'FATAL',
2025-07-05 22:38:57 +03:00:   code: '28P01',
2025-07-05 22:38:57 +03:00:   detail: undefined,
2025-07-05 22:38:57 +03:00:   hint: undefined,
2025-07-05 22:38:57 +03:00:   position: undefined,
2025-07-05 22:38:57 +03:00:   internalPosition: undefined,
2025-07-05 22:38:57 +03:00:   internalQuery: undefined,
2025-07-05 22:38:57 +03:00:   where: undefined,
2025-07-05 22:38:57 +03:00:   schema: undefined,
2025-07-05 22:38:57 +03:00:   table: undefined,
2025-07-05 22:38:57 +03:00:   column: undefined,
2025-07-05 22:38:57 +03:00:   dataType: undefined,
2025-07-05 22:38:57 +03:00:   constraint: undefined,
2025-07-05 22:38:57 +03:00:   file: 'auth.c',
2025-07-05 22:38:57 +03:00:   line: '324',
2025-07-05 22:38:57 +03:00:   routine: 'auth_failed'
2025-07-05 22:38:57 +03:00: }
2025-07-05 22:38:57 +03:00: Kategori hatası: error: password authentication failed for user "postgres"
2025-07-05 22:38:57 +03:00:     at C:\laragon\www\konyapostasi_panel\node_modules\pg-pool\index.js:45:11
2025-07-05 22:38:57 +03:00:     at process.processTicksAndRejections (node:internal/process/task_queues:105:5)
2025-07-05 22:38:57 +03:00:     at async DatabaseStorage.getAllCategories (file:///C:/laragon/www/konyapostasi_panel/dist/index.js:495:26)
2025-07-05 22:38:57 +03:00:     at async file:///C:/laragon/www/konyapostasi_panel/dist/index.js:2203:27 {
2025-07-05 22:38:57 +03:00:   length: 104,
2025-07-05 22:38:57 +03:00:   severity: 'FATAL',
2025-07-05 22:38:57 +03:00:   code: '28P01',
2025-07-05 22:38:57 +03:00:   detail: undefined,
2025-07-05 22:38:57 +03:00:   hint: undefined,
2025-07-05 22:38:57 +03:00:   position: undefined,
2025-07-05 22:38:57 +03:00:   internalPosition: undefined,
2025-07-05 22:38:57 +03:00:   internalQuery: undefined,
2025-07-05 22:38:57 +03:00:   where: undefined,
2025-07-05 22:38:57 +03:00:   schema: undefined,
2025-07-05 22:38:57 +03:00:   table: undefined,
2025-07-05 22:38:57 +03:00:   column: undefined,
2025-07-05 22:38:57 +03:00:   dataType: undefined,
2025-07-05 22:38:57 +03:00:   constraint: undefined,
2025-07-05 22:38:57 +03:00:   file: 'auth.c',
2025-07-05 22:38:57 +03:00:   line: '324',
2025-07-05 22:38:57 +03:00:   routine: 'auth_failed'
2025-07-05 22:38:57 +03:00: }
2025-07-05 22:39:04 +03:00: Kategori sorgusunda hata: error: password authentication failed for user "postgres"
2025-07-05 22:39:04 +03:00:     at C:\laragon\www\konyapostasi_panel\node_modules\pg-pool\index.js:45:11
2025-07-05 22:39:04 +03:00:     at process.processTicksAndRejections (node:internal/process/task_queues:105:5)
2025-07-05 22:39:04 +03:00:     at async DatabaseStorage.getAllCategories (file:///C:/laragon/www/konyapostasi_panel/dist/index.js:495:26)
2025-07-05 22:39:04 +03:00:     at async file:///C:/laragon/www/konyapostasi_panel/dist/index.js:2203:27 {
2025-07-05 22:39:04 +03:00:   length: 104,
2025-07-05 22:39:04 +03:00:   severity: 'FATAL',
2025-07-05 22:39:04 +03:00:   code: '28P01',
2025-07-05 22:39:04 +03:00:   detail: undefined,
2025-07-05 22:39:04 +03:00:   hint: undefined,
2025-07-05 22:39:04 +03:00:   position: undefined,
2025-07-05 22:39:04 +03:00:   internalPosition: undefined,
2025-07-05 22:39:04 +03:00:   internalQuery: undefined,
2025-07-05 22:39:04 +03:00:   where: undefined,
2025-07-05 22:39:04 +03:00:   schema: undefined,
2025-07-05 22:39:04 +03:00:   table: undefined,
2025-07-05 22:39:04 +03:00:   column: undefined,
2025-07-05 22:39:04 +03:00:   dataType: undefined,
2025-07-05 22:39:04 +03:00:   constraint: undefined,
2025-07-05 22:39:04 +03:00:   file: 'auth.c',
2025-07-05 22:39:04 +03:00:   line: '324',
2025-07-05 22:39:04 +03:00:   routine: 'auth_failed'
2025-07-05 22:39:04 +03:00: }
2025-07-05 22:39:04 +03:00: Kategori hatası: error: password authentication failed for user "postgres"
2025-07-05 22:39:04 +03:00:     at C:\laragon\www\konyapostasi_panel\node_modules\pg-pool\index.js:45:11
2025-07-05 22:39:04 +03:00:     at process.processTicksAndRejections (node:internal/process/task_queues:105:5)
2025-07-05 22:39:04 +03:00:     at async DatabaseStorage.getAllCategories (file:///C:/laragon/www/konyapostasi_panel/dist/index.js:495:26)
2025-07-05 22:39:04 +03:00:     at async file:///C:/laragon/www/konyapostasi_panel/dist/index.js:2203:27 {
2025-07-05 22:39:04 +03:00:   length: 104,
2025-07-05 22:39:04 +03:00:   severity: 'FATAL',
2025-07-05 22:39:04 +03:00:   code: '28P01',
2025-07-05 22:39:04 +03:00:   detail: undefined,
2025-07-05 22:39:04 +03:00:   hint: undefined,
2025-07-05 22:39:04 +03:00:   position: undefined,
2025-07-05 22:39:04 +03:00:   internalPosition: undefined,
2025-07-05 22:39:04 +03:00:   internalQuery: undefined,
2025-07-05 22:39:04 +03:00:   where: undefined,
2025-07-05 22:39:04 +03:00:   schema: undefined,
2025-07-05 22:39:04 +03:00:   table: undefined,
2025-07-05 22:39:04 +03:00:   column: undefined,
2025-07-05 22:39:04 +03:00:   dataType: undefined,
2025-07-05 22:39:04 +03:00:   constraint: undefined,
2025-07-05 22:39:04 +03:00:   file: 'auth.c',
2025-07-05 22:39:04 +03:00:   line: '324',
2025-07-05 22:39:04 +03:00:   routine: 'auth_failed'
2025-07-05 22:39:04 +03:00: }
2025-07-05 22:39:11 +03:00: Error fetching articles: error: password authentication failed for user "postgres"
2025-07-05 22:39:11 +03:00:     at C:\laragon\www\konyapostasi_panel\node_modules\pg-pool\index.js:45:11
2025-07-05 22:39:11 +03:00:     at process.processTicksAndRejections (node:internal/process/task_queues:105:5)
2025-07-05 22:39:11 +03:00:     at async file:///C:/laragon/www/konyapostasi_panel/node_modules/drizzle-orm/node-postgres/session.js:83:22
2025-07-05 22:39:11 +03:00:     at async DatabaseStorage.getAllArticles (file:///C:/laragon/www/konyapostasi_panel/dist/index.js:646:204)
2025-07-05 22:39:11 +03:00:     at async file:///C:/laragon/www/konyapostasi_panel/dist/index.js:1295:27 {
2025-07-05 22:39:11 +03:00:   length: 104,
2025-07-05 22:39:11 +03:00:   severity: 'FATAL',
2025-07-05 22:39:11 +03:00:   code: '28P01',
2025-07-05 22:39:11 +03:00:   detail: undefined,
2025-07-05 22:39:11 +03:00:   hint: undefined,
2025-07-05 22:39:11 +03:00:   position: undefined,
2025-07-05 22:39:11 +03:00:   internalPosition: undefined,
2025-07-05 22:39:11 +03:00:   internalQuery: undefined,
2025-07-05 22:39:11 +03:00:   where: undefined,
2025-07-05 22:39:11 +03:00:   schema: undefined,
2025-07-05 22:39:11 +03:00:   table: undefined,
2025-07-05 22:39:11 +03:00:   column: undefined,
2025-07-05 22:39:11 +03:00:   dataType: undefined,
2025-07-05 22:39:11 +03:00:   constraint: undefined,
2025-07-05 22:39:11 +03:00:   file: 'auth.c',
2025-07-05 22:39:11 +03:00:   line: '324',
2025-07-05 22:39:11 +03:00:   routine: 'auth_failed'
2025-07-05 22:39:11 +03:00: }
2025-07-05 22:39:11 +03:00: Kategori sorgusunda hata: error: password authentication failed for user "postgres"
2025-07-05 22:39:11 +03:00:     at C:\laragon\www\konyapostasi_panel\node_modules\pg-pool\index.js:45:11
2025-07-05 22:39:11 +03:00:     at process.processTicksAndRejections (node:internal/process/task_queues:105:5)
2025-07-05 22:39:11 +03:00:     at async DatabaseStorage.getAllCategories (file:///C:/laragon/www/konyapostasi_panel/dist/index.js:495:26)
2025-07-05 22:39:11 +03:00:     at async file:///C:/laragon/www/konyapostasi_panel/dist/index.js:2203:27 {
2025-07-05 22:39:11 +03:00:   length: 104,
2025-07-05 22:39:11 +03:00:   severity: 'FATAL',
2025-07-05 22:39:11 +03:00:   code: '28P01',
2025-07-05 22:39:11 +03:00:   detail: undefined,
2025-07-05 22:39:11 +03:00:   hint: undefined,
2025-07-05 22:39:11 +03:00:   position: undefined,
2025-07-05 22:39:11 +03:00:   internalPosition: undefined,
2025-07-05 22:39:11 +03:00:   internalQuery: undefined,
2025-07-05 22:39:11 +03:00:   where: undefined,
2025-07-05 22:39:11 +03:00:   schema: undefined,
2025-07-05 22:39:11 +03:00:   table: undefined,
2025-07-05 22:39:11 +03:00:   column: undefined,
2025-07-05 22:39:11 +03:00:   dataType: undefined,
2025-07-05 22:39:11 +03:00:   constraint: undefined,
2025-07-05 22:39:11 +03:00:   file: 'auth.c',
2025-07-05 22:39:11 +03:00:   line: '324',
2025-07-05 22:39:11 +03:00:   routine: 'auth_failed'
2025-07-05 22:39:11 +03:00: }
2025-07-05 22:39:11 +03:00: Kategori hatası: error: password authentication failed for user "postgres"
2025-07-05 22:39:11 +03:00:     at C:\laragon\www\konyapostasi_panel\node_modules\pg-pool\index.js:45:11
2025-07-05 22:39:11 +03:00:     at process.processTicksAndRejections (node:internal/process/task_queues:105:5)
2025-07-05 22:39:11 +03:00:     at async DatabaseStorage.getAllCategories (file:///C:/laragon/www/konyapostasi_panel/dist/index.js:495:26)
2025-07-05 22:39:11 +03:00:     at async file:///C:/laragon/www/konyapostasi_panel/dist/index.js:2203:27 {
2025-07-05 22:39:11 +03:00:   length: 104,
2025-07-05 22:39:11 +03:00:   severity: 'FATAL',
2025-07-05 22:39:11 +03:00:   code: '28P01',
2025-07-05 22:39:11 +03:00:   detail: undefined,
2025-07-05 22:39:11 +03:00:   hint: undefined,
2025-07-05 22:39:11 +03:00:   position: undefined,
2025-07-05 22:39:11 +03:00:   internalPosition: undefined,
2025-07-05 22:39:11 +03:00:   internalQuery: undefined,
2025-07-05 22:39:11 +03:00:   where: undefined,
2025-07-05 22:39:11 +03:00:   schema: undefined,
2025-07-05 22:39:11 +03:00:   table: undefined,
2025-07-05 22:39:11 +03:00:   column: undefined,
2025-07-05 22:39:11 +03:00:   dataType: undefined,
2025-07-05 22:39:11 +03:00:   constraint: undefined,
2025-07-05 22:39:11 +03:00:   file: 'auth.c',
2025-07-05 22:39:11 +03:00:   line: '324',
2025-07-05 22:39:11 +03:00:   routine: 'auth_failed'
2025-07-05 22:39:11 +03:00: }
